<?xml version="1.0" encoding="UTF-8"?>
<!-- Generated by org.testng.reporters.JUnitReportReporter -->
<testsuite hostname="LAPTOP-NKMHEACQ" failures="0" tests="1" name="main.main" time="24.968" errors="0" timestamp="10 aug. 2021 21:19:39 GMT" skipped="0">
  <testcase classname="main.main" name="buildingTestMethod" time="24.968"/>
</testsuite> <!-- main.main -->
